<?xml version="1.0" encoding="UTF-8"?>
<testsuite name="com.example.volumelimiter.domain.VolumeLevelCalculatorTest" tests="3" skipped="0" failures="0" errors="0" timestamp="2026-07-15T11:56:26" hostname="codespaces-4aa6c3" time="0.004">
  <properties/>
  <testcase name="levelToPercent_returnsZeroWhenMaxVolumeIsUnexpected" classname="com.example.volumelimiter.domain.VolumeLevelCalculatorTest" time="0.001"/>
  <testcase name="percentToLevel_convertsFortyPercentOfFifteenToSix" classname="com.example.volumelimiter.domain.VolumeLevelCalculatorTest" time="0.002"/>
  <testcase name="percentToLevel_clampsPercentOutsideRange" classname="com.example.volumelimiter.domain.VolumeLevelCalculatorTest" time="0.0"/>
  <system-out><![CDATA[]]></system-out>
  <system-err><![CDATA[]]></system-err>
</testsuite>
