<?xml version="1.0" encoding="UTF-8"?>
<testsuite name="com.example.volumelimiter.domain.RuleEditorTest" tests="4" skipped="0" failures="0" errors="0" timestamp="2026-07-15T11:56:26" hostname="codespaces-4aa6c3" time="0.031">
  <properties/>
  <testcase name="setRuleLimit_clampsTheSavedValue" classname="com.example.volumelimiter.domain.RuleEditorTest" time="0.014"/>
  <testcase name="findEnabledRule_ignoresDisabledRules" classname="com.example.volumelimiter.domain.RuleEditorTest" time="0.001"/>
  <testcase name="findEnabledRule_returnsTheMatchingActiveRule" classname="com.example.volumelimiter.domain.RuleEditorTest" time="0.013"/>
  <testcase name="setRuleEnabled_updatesOnlyTheRequestedRule" classname="com.example.volumelimiter.domain.RuleEditorTest" time="0.002"/>
  <system-out><![CDATA[]]></system-out>
  <system-err><![CDATA[]]></system-err>
</testsuite>
