<?xml version="1.0" encoding="UTF-8"?>
<testsuite name="com.example.volumelimiter.domain.VolumeLimitSessionTest" tests="6" skipped="0" failures="0" errors="0" timestamp="2026-07-15T11:56:26" hostname="codespaces-4aa6c3" time="0.008">
  <properties/>
  <testcase name="monitoredAppBelowLimit_doesNotIncreaseVolume" classname="com.example.volumelimiter.domain.VolumeLimitSessionTest" time="0.003"/>
  <testcase name="leavingAfterUserLoweredVolume_doesNotRestoreIncorrectValue" classname="com.example.volumelimiter.domain.VolumeLimitSessionTest" time="0.002"/>
  <testcase name="stop_restoresWhenServiceEndsDuringLimitedSession" classname="com.example.volumelimiter.domain.VolumeLimitSessionTest" time="0.001"/>
  <testcase name="directSwitchBetweenMonitoredApps_keepsOriginalVolumeAndAppliesStricterLimit" classname="com.example.volumelimiter.domain.VolumeLimitSessionTest" time="0.0"/>
  <testcase name="monitoredAppAboveLimit_reducesVolumeAndStoresOriginal" classname="com.example.volumelimiter.domain.VolumeLimitSessionTest" time="0.0"/>
  <testcase name="leavingMonitoredApp_restoresOriginalOnlyWhenLimiterChangedVolume" classname="com.example.volumelimiter.domain.VolumeLimitSessionTest" time="0.0"/>
  <system-out><![CDATA[]]></system-out>
  <system-err><![CDATA[]]></system-err>
</testsuite>
